<?xml version="1.0" encoding="UTF-8"?>
<!-- Generated by org.testng.reporters.JUnitReportReporter -->
<testsuite hostname="DESKTOP-6MESNTB" failures="0" tests="4" name="com.training.complex.tests.ELTC_Complex_FirstTC" time="88.980" errors="0" timestamp="2019-12-05T06:50:24 IST" skipped="0">
  <testcase classname="com.training.complex.tests.ELTC_Complex_FirstTC" name="VerifyRegistration" time="23.313"/>
  <testcase classname="com.training.complex.tests.ELTC_Complex_FirstTC" name="VerifyRegistration" time="23.112"/>
  <testcase classname="com.training.complex.tests.ELTC_Complex_FirstTC" name="VerifyRegistration" time="21.283"/>
  <testcase classname="com.training.complex.tests.ELTC_Complex_FirstTC" name="VerifyRegistration" time="21.272"/>
</testsuite> <!-- com.training.complex.tests.ELTC_Complex_FirstTC -->
