<?xml version="1.0" encoding="UTF-8"?>
<!-- Generated by org.testng.reporters.JUnitReportReporter -->
<testsuite hostname="DESKTOP-6MESNTB" failures="0" tests="1" name="com.training.medium.tests.ELTCMediumSecondTest" time="160.242" errors="0" timestamp="2019-12-03T13:30:45 IST" skipped="0">
  <testcase classname="com.training.medium.tests.ELTCMediumSecondTest" name="VerifyTestFunctions" time="160.242"/>
</testsuite> <!-- com.training.medium.tests.ELTCMediumSecondTest -->
