<?xml version="1.0" encoding="UTF-8"?>
<!-- Generated by org.testng.reporters.JUnitReportReporter -->
<testsuite hostname="DESKTOP-6MESNTB" failures="0" tests="1" name="com.training.test.EditMyProfileTest" time="26.304" errors="0" timestamp="2019-11-26T16:28:28 IST" skipped="0">
  <testcase classname="com.training.test.EditMyProfileTest" name="SaveSettings" time="26.304"/>
</testsuite> <!-- com.training.test.EditMyProfileTest -->
