<?xml version="1.0" encoding="UTF-8"?>
<!-- Generated by org.testng.reporters.JUnitReportReporter -->
<testsuite hostname="DESKTOP-6MESNTB" failures="0" tests="1" name="com.training.test.LostMyPasswordTest" time="21.784" errors="0" timestamp="2019-11-26T17:35:44 IST" skipped="0">
  <testcase classname="com.training.test.LostMyPasswordTest" name="SendingMessage" time="21.784"/>
</testsuite> <!-- com.training.test.LostMyPasswordTest -->
