<?xml version="1.0" encoding="UTF-8"?>
<!-- Generated by org.testng.reporters.JUnitReportReporter -->
<testsuite hostname="DESKTOP-6MESNTB" failures="0" tests="3" name="com.training.complex.tests.ELTC_Complex_FourthTC" time="28.905" errors="0" timestamp="2019-12-05T22:10:44 IST" skipped="2">
  <testcase classname="com.training.complex.tests.ELTC_Complex_FourthTC" name="PerformAdminTask" time="28.905"/>
  <testcase classname="com.training.complex.tests.ELTC_Complex_FourthTC" name="PerformStudentTask">
    <skipped/>
  </testcase> <!-- PerformStudentTask -->
  <testcase classname="com.training.complex.tests.ELTC_Complex_FourthTC" name="PerformTeacherTask">
    <skipped/>
  </testcase> <!-- PerformTeacherTask -->
</testsuite> <!-- com.training.complex.tests.ELTC_Complex_FourthTC -->
