<?xml version="1.0" encoding="UTF-8"?>
<!-- Generated by org.testng.reporters.JUnitReportReporter -->
<testsuite hostname="DESKTOP-6MESNTB" failures="0" tests="1" name="com.training.simple.test.StudentloginTest" time="35.258" errors="0" timestamp="2019-12-06T16:53:41 IST" skipped="0">
  <testcase classname="com.training.simple.test.StudentloginTest" name="ClickingSignin" time="35.258"/>
</testsuite> <!-- com.training.simple.test.StudentloginTest -->
