<?xml version="1.0" encoding="UTF-8"?>
<!-- Generated by org.testng.reporters.JUnitReportReporter -->
<testsuite hostname="DESKTOP-6MESNTB" failures="0" tests="1" name="com.training.simple.test.EditMyProfileTest" time="25.245" errors="0" timestamp="2019-11-27T18:29:10 IST" skipped="0">
  <testcase classname="com.training.simple.test.EditMyProfileTest" name="SaveSettings" time="25.245"/>
</testsuite> <!-- com.training.simple.test.EditMyProfileTest -->
