<?xml version="1.0" encoding="UTF-8"?>
<!-- Generated by org.testng.reporters.JUnitReportReporter -->
<testsuite hostname="DESKTOP-6MESNTB" failures="0" tests="1" name="com.training.simple.test.StudentloginTest" time="19.780" errors="0" timestamp="2019-11-27T18:21:25 IST" skipped="0">
  <testcase classname="com.training.simple.test.StudentloginTest" name="ClickingSignin" time="19.780"/>
</testsuite> <!-- com.training.simple.test.StudentloginTest -->
