<?xml version="1.0" encoding="UTF-8"?>
<!-- Generated by org.testng.reporters.JUnitReportReporter -->
<testsuite hostname="DESKTOP-6MESNTB" failures="0" tests="1" name="com.training.simple.test.LostMyPasswordTest" time="21.166" errors="0" timestamp="2019-12-06T08:09:38 IST" skipped="0">
  <testcase classname="com.training.simple.test.LostMyPasswordTest" name="SendingMessage" time="21.166"/>
</testsuite> <!-- com.training.simple.test.LostMyPasswordTest -->
