<?xml version="1.0" encoding="UTF-8"?>
<!-- Generated by org.testng.reporters.JUnitReportReporter -->
<testsuite hostname="DESKTOP-6MESNTB" failures="0" tests="4" name="com.training.complex.tests.ELTC_Complex_FirstTC" time="83.956" errors="0" timestamp="2019-12-06T04:56:50 IST" skipped="0">
  <testcase classname="com.training.complex.tests.ELTC_Complex_FirstTC" name="VerifyRegistration" time="23.396"/>
  <testcase classname="com.training.complex.tests.ELTC_Complex_FirstTC" name="VerifyRegistration" time="20.479"/>
  <testcase classname="com.training.complex.tests.ELTC_Complex_FirstTC" name="VerifyRegistration" time="20.084"/>
  <testcase classname="com.training.complex.tests.ELTC_Complex_FirstTC" name="VerifyRegistration" time="19.997"/>
</testsuite> <!-- com.training.complex.tests.ELTC_Complex_FirstTC -->
