<?xml version="1.0" encoding="UTF-8"?>
<!-- Generated by org.testng.reporters.JUnitReportReporter -->
<testsuite hostname="DESKTOP-6MESNTB" failures="0" tests="1" name="com.training.medium.tests.ELTCMediumSecondTest" time="124.873" errors="0" timestamp="2019-12-06T16:53:40 IST" skipped="0">
  <testcase classname="com.training.medium.tests.ELTCMediumSecondTest" name="VerifyTestFunctions" time="124.873"/>
</testsuite> <!-- com.training.medium.tests.ELTCMediumSecondTest -->
