<?xml version="1.0" encoding="UTF-8"?>
<!-- Generated by org.testng.reporters.JUnitReportReporter -->
<testsuite hostname="DESKTOP-6MESNTB" failures="0" tests="1" name="com.training.medium.tests.ELTCMediumFirstTest" time="54.258" errors="0" timestamp="2019-12-03T07:33:28 IST" skipped="0">
  <testcase classname="com.training.medium.tests.ELTCMediumFirstTest" name="VerifyNewCourse" time="54.258"/>
</testsuite> <!-- com.training.medium.tests.ELTCMediumFirstTest -->
