<?xml version="1.0" encoding="UTF-8"?>
<!-- Generated by org.testng.reporters.JUnitReportReporter -->
<testsuite hostname="DESKTOP-6MESNTB" failures="0" tests="1" name="com.training.medium.tests.ELTCMediumFirstTest" time="64.020" errors="0" timestamp="2019-12-06T08:13:11 IST" skipped="0">
  <testcase classname="com.training.medium.tests.ELTCMediumFirstTest" name="VerifyNewCourse" time="64.020"/>
</testsuite> <!-- com.training.medium.tests.ELTCMediumFirstTest -->
