<?xml version="1.0" encoding="UTF-8"?>
<!-- Generated by org.testng.reporters.JUnitReportReporter -->
<testsuite hostname="DESKTOP-6MESNTB" failures="0" tests="1" name="com.training.test.StudentloginTest" time="22.304" errors="0" timestamp="2019-11-26T15:05:10 IST" skipped="0">
  <testcase classname="com.training.test.StudentloginTest" name="ClickingSignin" time="22.304"/>
</testsuite> <!-- com.training.test.StudentloginTest -->
