<?xml version="1.0" encoding="UTF-8"?>
<!-- Generated by org.testng.reporters.JUnitReportReporter -->
<testsuite hostname="DESKTOP-6MESNTB" failures="0" tests="4" name="com.training.complex.tests.ELTC_Complex_SecondTC" time="96.318" errors="0" timestamp="2019-12-05T11:04:15 IST" skipped="0">
  <testcase classname="com.training.complex.tests.ELTC_Complex_SecondTC" name="VerifyRegistration" time="27.117"/>
  <testcase classname="com.training.complex.tests.ELTC_Complex_SecondTC" name="VerifyRegistration" time="22.856"/>
  <testcase classname="com.training.complex.tests.ELTC_Complex_SecondTC" name="VerifyRegistration" time="23.449"/>
  <testcase classname="com.training.complex.tests.ELTC_Complex_SecondTC" name="VerifyRegistration" time="22.896"/>
</testsuite> <!-- com.training.complex.tests.ELTC_Complex_SecondTC -->
