<?xml version="1.0" encoding="UTF-8"?>
<!-- Generated by org.testng.reporters.JUnitReportReporter -->
<testsuite hostname="DESKTOP-6MESNTB" failures="0" tests="1" name="com.training.test.SignupTest" time="26.775" errors="0" timestamp="2019-11-26T15:04:06 IST" skipped="0">
  <testcase classname="com.training.test.SignupTest" name="VerifyRegistration" time="26.775"/>
</testsuite> <!-- com.training.test.SignupTest -->
