<?xml version="1.0" encoding="UTF-8"?>
<!-- Generated by org.testng.reporters.JUnitReportReporter -->
<testsuite hostname="DESKTOP-6MESNTB" failures="0" tests="4" name="com.training.complex.tests.ELTC_Complex_FirstTC" time="114.742" errors="0" timestamp="2019-12-06T16:53:41 IST" skipped="0">
  <testcase classname="com.training.complex.tests.ELTC_Complex_FirstTC" name="VerifyRegistration" time="32.182"/>
  <testcase classname="com.training.complex.tests.ELTC_Complex_FirstTC" name="VerifyRegistration" time="26.674"/>
  <testcase classname="com.training.complex.tests.ELTC_Complex_FirstTC" name="VerifyRegistration" time="27.306"/>
  <testcase classname="com.training.complex.tests.ELTC_Complex_FirstTC" name="VerifyRegistration" time="28.580"/>
</testsuite> <!-- com.training.complex.tests.ELTC_Complex_FirstTC -->
