<?xml version="1.0" encoding="UTF-8"?>
<!-- Generated by org.testng.reporters.JUnitReportReporter -->
<testsuite hostname="DESKTOP-6MESNTB" failures="0" tests="4" name="com.training.complex.tests.ELTC_Complex_ThirdTC" time="117.466" errors="0" timestamp="2019-12-06T16:53:41 IST" skipped="0">
  <testcase classname="com.training.complex.tests.ELTC_Complex_ThirdTC" name="VerifyRegistration" time="28.156"/>
  <testcase classname="com.training.complex.tests.ELTC_Complex_ThirdTC" name="VerifyRegistration" time="28.961"/>
  <testcase classname="com.training.complex.tests.ELTC_Complex_ThirdTC" name="VerifyRegistration" time="30.260"/>
  <testcase classname="com.training.complex.tests.ELTC_Complex_ThirdTC" name="VerifyRegistration" time="30.089"/>
</testsuite> <!-- com.training.complex.tests.ELTC_Complex_ThirdTC -->
