<?xml version="1.0" encoding="UTF-8"?>
<!-- Generated by org.testng.reporters.JUnitReportReporter -->
<testsuite hostname="DESKTOP-6MESNTB" failures="0" tests="1" name="com.training.simple.test.SignupTest" time="21.188" errors="0" timestamp="2019-12-06T06:46:18 IST" skipped="0">
  <testcase classname="com.training.simple.test.SignupTest" name="VerifyRegistration" time="21.188"/>
</testsuite> <!-- com.training.simple.test.SignupTest -->
