<?xml version="1.0" encoding="UTF-8"?>
<!-- Generated by org.testng.reporters.JUnitReportReporter -->
<testsuite hostname="DESKTOP-6MESNTB" failures="0" tests="1" name="com.training.medium.tests.ELTCMediumFirstTest" time="53.681" errors="0" timestamp="2019-12-06T16:53:41 IST" skipped="0">
  <testcase classname="com.training.medium.tests.ELTCMediumFirstTest" name="VerifyNewCourse" time="53.681"/>
</testsuite> <!-- com.training.medium.tests.ELTCMediumFirstTest -->
