<?xml version="1.0" encoding="UTF-8"?>
<!-- Generated by org.testng.reporters.JUnitReportReporter -->
<testsuite hostname="DESKTOP-6MESNTB" failures="0" tests="1" name="com.training.medium.tests.ELTCMediumThirdTest" time="79.898" errors="0" timestamp="2019-12-03T15:30:30 IST" skipped="0">
  <testcase classname="com.training.medium.tests.ELTCMediumThirdTest" name="VerifyAssessment" time="79.898"/>
</testsuite> <!-- com.training.medium.tests.ELTCMediumThirdTest -->
